Backend error message during job submission
-------------------------------------------
org.apache.pig.backend.executionengine.ExecException: ERROR 2118: Input path does not exist: hdfs://localhost.localdomain:8020/home/cloudera/small-data/data-analysis/data/band_charts.csv
	at org.apache.pig.backend.hadoop.executionengine.mapReduceLayer.PigInputFormat.getSplits(PigInputFormat.java:288)
	at org.apache.hadoop.mapred.JobClient.writeNewSplits(JobClient.java:1105)
	at org.apache.hadoop.mapred.JobClient.writeSplits(JobClient.java:1122)
	at org.apache.hadoop.mapred.JobClient.access$600(JobClient.java:177)
	at org.apache.hadoop.mapred.JobClient$2.run(JobClient.java:1021)
	at org.apache.hadoop.mapred.JobClient$2.run(JobClient.java:974)
	at java.security.AccessController.doPrivileged(Native Method)
	at javax.security.auth.Subject.doAs(Subject.java:396)
	at org.apache.hadoop.security.UserGroupInformation.doAs(UserGroupInformation.java:1438)
	at org.apache.hadoop.mapred.JobClient.submitJobInternal(JobClient.java:974)
	at org.apache.hadoop.mapreduce.Job.submit(Job.java:582)
	at org.apache.hadoop.mapreduce.lib.jobcontrol.ControlledJob.submit(ControlledJob.java:319)
	at org.apache.hadoop.mapreduce.lib.jobcontrol.JobControl.startReadyJobs(JobControl.java:239)
	at org.apache.hadoop.mapreduce.lib.jobcontrol.JobControl.run(JobControl.java:270)
	at org.apache.pig.backend.hadoop23.PigJobControl.run(PigJobControl.java:160)
	at java.lang.Thread.run(Thread.java:662)
	at org.apache.pig.backend.hadoop.executionengine.mapReduceLayer.MapReduceLauncher$1.run(MapReduceLauncher.java:257)
Caused by: org.apache.hadoop.mapreduce.lib.input.InvalidInputException: Input path does not exist: hdfs://localhost.localdomain:8020/home/cloudera/small-data/data-analysis/data/band_charts.csv
	at org.apache.hadoop.mapreduce.lib.input.FileInputFormat.listStatus(FileInputFormat.java:231)
	at org.apache.pig.backend.hadoop.executionengine.mapReduceLayer.PigTextInputFormat.listStatus(PigTextInputFormat.java:36)
	at org.apache.hadoop.mapreduce.lib.input.FileInputFormat.getSplits(FileInputFormat.java:248)
	at org.apache.pig.backend.hadoop.executionengine.mapReduceLayer.PigInputFormat.getSplits(PigInputFormat.java:274)
	... 16 more

Pig Stack Trace
---------------
ERROR 1066: Unable to open iterator for alias best_band2

org.apache.pig.impl.logicalLayer.FrontendException: ERROR 1066: Unable to open iterator for alias best_band2
	at org.apache.pig.PigServer.openIterator(PigServer.java:838)
	at org.apache.pig.tools.grunt.GruntParser.processDump(GruntParser.java:696)
	at org.apache.pig.tools.pigscript.parser.PigScriptParser.parse(PigScriptParser.java:320)
	at org.apache.pig.tools.grunt.GruntParser.parseStopOnError(GruntParser.java:194)
	at org.apache.pig.tools.grunt.GruntParser.parseStopOnError(GruntParser.java:170)
	at org.apache.pig.tools.grunt.Grunt.exec(Grunt.java:84)
	at org.apache.pig.Main.run(Main.java:604)
	at org.apache.pig.Main.main(Main.java:157)
	at sun.reflect.NativeMethodAccessorImpl.invoke0(Native Method)
	at sun.reflect.NativeMethodAccessorImpl.invoke(NativeMethodAccessorImpl.java:39)
	at sun.reflect.DelegatingMethodAccessorImpl.invoke(DelegatingMethodAccessorImpl.java:25)
	at java.lang.reflect.Method.invoke(Method.java:597)
	at org.apache.hadoop.util.RunJar.main(RunJar.java:208)
Caused by: java.io.IOException: Couldn't retrieve job.
	at org.apache.pig.PigServer.store(PigServer.java:902)
	at org.apache.pig.PigServer.openIterator(PigServer.java:813)
	... 12 more
================================================================================
